<?xml version="1.0" encoding="UTF-8"?>
<testsuite xmlns:xsi="http://www.w3.org/2001/XMLSchema-instance" xsi:noNamespaceSchemaLocation="https://maven.apache.org/surefire/maven-surefire-plugin/xsd/surefire-test-report.xsd" name="Compartilhado.contateste" time="463.285" tests="0" errors="0" skipped="0" failures="0">
  <properties>
    <property name="sun.desktop" value="windows"/>
    <property name="awt.toolkit" value="sun.awt.windows.WToolkit"/>
    <property name="file.encoding.pkg" value="sun.io"/>
    <property name="java.specification.version" value="1.8"/>
    <property name="sun.cpu.isalist" value="amd64"/>
    <property name="sun.jnu.encoding" value="Cp1252"/>
    <property name="java.class.path" value="C:\Users\matheus.bassoli\workspace\MatheusTesteQa\target\test-classes;C:\Users\matheus.bassoli\workspace\MatheusTesteQa\target\classes;C:\QAteste\repository\info\cukes\cucumber-java\1.2.5\cucumber-java-1.2.5.jar;C:\QAteste\repository\info\cukes\cucumber-core\1.2.5\cucumber-core-1.2.5.jar;C:\QAteste\repository\info\cukes\cucumber-html\0.2.3\cucumber-html-0.2.3.jar;C:\QAteste\repository\info\cukes\cucumber-jvm-deps\1.0.5\cucumber-jvm-deps-1.0.5.jar;C:\QAteste\repository\info\cukes\gherkin\2.12.2\gherkin-2.12.2.jar;C:\QAteste\repository\info\cukes\cucumber-junit\1.2.5\cucumber-junit-1.2.5.jar;C:\QAteste\repository\junit\junit\4.12\junit-4.12.jar;C:\QAteste\repository\org\hamcrest\hamcrest-core\1.3\hamcrest-core-1.3.jar;C:\QAteste\repository\org\seleniumhq\selenium\selenium-java\3.7.0\selenium-java-3.7.0.jar;C:\QAteste\repository\org\seleniumhq\selenium\selenium-api\3.7.0\selenium-api-3.7.0.jar;C:\QAteste\repository\org\seleniumhq\selenium\selenium-chrome-driver\3.7.0\selenium-chrome-driver-3.7.0.jar;C:\QAteste\repository\org\seleniumhq\selenium\selenium-edge-driver\3.7.0\selenium-edge-driver-3.7.0.jar;C:\QAteste\repository\org\seleniumhq\selenium\selenium-firefox-driver\3.7.0\selenium-firefox-driver-3.7.0.jar;C:\QAteste\repository\org\seleniumhq\selenium\selenium-ie-driver\3.7.0\selenium-ie-driver-3.7.0.jar;C:\QAteste\repository\org\seleniumhq\selenium\selenium-opera-driver\3.7.0\selenium-opera-driver-3.7.0.jar;C:\QAteste\repository\org\seleniumhq\selenium\selenium-remote-driver\3.7.0\selenium-remote-driver-3.7.0.jar;C:\QAteste\repository\org\seleniumhq\selenium\selenium-safari-driver\3.7.0\selenium-safari-driver-3.7.0.jar;C:\QAteste\repository\org\seleniumhq\selenium\selenium-support\3.7.0\selenium-support-3.7.0.jar;C:\QAteste\repository\net\bytebuddy\byte-buddy\1.7.5\byte-buddy-1.7.5.jar;C:\QAteste\repository\org\apache\commons\commons-exec\1.3\commons-exec-1.3.jar;C:\QAteste\repository\commons-codec\commons-codec\1.10\commons-codec-1.10.jar;C:\QAteste\repository\commons-logging\commons-logging\1.2\commons-logging-1.2.jar;C:\QAteste\repository\com\google\code\gson\gson\2.8.2\gson-2.8.2.jar;C:\QAteste\repository\com\google\guava\guava\23.0\guava-23.0.jar;C:\QAteste\repository\com\google\code\findbugs\jsr305\1.3.9\jsr305-1.3.9.jar;C:\QAteste\repository\com\google\errorprone\error_prone_annotations\2.0.18\error_prone_annotations-2.0.18.jar;C:\QAteste\repository\com\google\j2objc\j2objc-annotations\1.1\j2objc-annotations-1.1.jar;C:\QAteste\repository\org\codehaus\mojo\animal-sniffer-annotations\1.14\animal-sniffer-annotations-1.14.jar;C:\QAteste\repository\org\apache\httpcomponents\httpclient\4.5.3\httpclient-4.5.3.jar;C:\QAteste\repository\org\apache\httpcomponents\httpcore\4.4.6\httpcore-4.4.6.jar;C:\QAteste\repository\org\seleniumhq\selenium\selenium-server\3.7.0\selenium-server-3.7.0.jar;C:\QAteste\repository\com\beust\jcommander\1.48\jcommander-1.48.jar;C:\QAteste\repository\org\apache\commons\commons-lang3\3.5\commons-lang3-3.5.jar;C:\QAteste\repository\commons-io\commons-io\2.5\commons-io-2.5.jar;C:\QAteste\repository\org\w3c\css\sac\1.3\sac-1.3.jar;C:\QAteste\repository\net\sourceforge\cssparser\cssparser\0.9.23\cssparser-0.9.23.jar;C:\QAteste\repository\net\sourceforge\htmlunit\htmlunit\2.27\htmlunit-2.27.jar;C:\QAteste\repository\net\sourceforge\htmlunit\htmlunit-core-js\2.27\htmlunit-core-js-2.27.jar;C:\QAteste\repository\net\sourceforge\htmlunit\neko-htmlunit\2.27\neko-htmlunit-2.27.jar;C:\QAteste\repository\org\apache\httpcomponents\httpmime\4.5.3\httpmime-4.5.3.jar;C:\QAteste\repository\net\jcip\jcip-annotations\1.0\jcip-annotations-1.0.jar;C:\QAteste\repository\org\seleniumhq\selenium\jetty-repacked\9.4.5.v20170502\jetty-repacked-9.4.5.v20170502.jar;C:\QAteste\repository\org\eclipse\jetty\jetty-client\9.4.5.v20170502\jetty-client-9.4.5.v20170502.jar;C:\QAteste\repository\org\eclipse\jetty\jetty-http\9.4.5.v20170502\jetty-http-9.4.5.v20170502.jar;C:\QAteste\repository\org\eclipse\jetty\jetty-io\9.4.5.v20170502\jetty-io-9.4.5.v20170502.jar;C:\QAteste\repository\org\eclipse\jetty\jetty-util\9.4.5.v20170502\jetty-util-9.4.5.v20170502.jar;C:\QAteste\repository\com\codeborne\phantomjsdriver\1.4.0\phantomjsdriver-1.4.0.jar;C:\QAteste\repository\org\seleniumhq\selenium\htmlunit-driver\2.27\htmlunit-driver-2.27.jar;C:\QAteste\repository\javax\servlet\javax.servlet-api\3.1.0\javax.servlet-api-3.1.0.jar;C:\QAteste\repository\org\eclipse\jetty\websocket\websocket-api\9.4.5.v20170502\websocket-api-9.4.5.v20170502.jar;C:\QAteste\repository\org\eclipse\jetty\websocket\websocket-client\9.4.5.v20170502\websocket-client-9.4.5.v20170502.jar;C:\QAteste\repository\org\eclipse\jetty\websocket\websocket-common\9.4.5.v20170502\websocket-common-9.4.5.v20170502.jar;C:\QAteste\repository\xalan\serializer\2.7.2\serializer-2.7.2.jar;C:\QAteste\repository\xalan\xalan\2.7.2\xalan-2.7.2.jar;C:\QAteste\repository\xerces\xercesImpl\2.11.0\xercesImpl-2.11.0.jar;C:\QAteste\repository\xml-apis\xml-apis\1.4.01\xml-apis-1.4.01.jar;C:\QAteste\repository\org\yaml\snakeyaml\1.15\snakeyaml-1.15.jar;C:\QAteste\repository\com\github\temyers\cucumber-jvm-parallel-plugin\4.2.0\cucumber-jvm-parallel-plugin-4.2.0.jar;C:\QAteste\repository\org\apache\velocity\velocity\1.7\velocity-1.7.jar;C:\QAteste\repository\commons-collections\commons-collections\3.2.1\commons-collections-3.2.1.jar;C:\QAteste\repository\commons-lang\commons-lang\2.4\commons-lang-2.4.jar;C:\QAteste\repository\io\cucumber\gherkin\3.2.0\gherkin-3.2.0.jar;C:\QAteste\repository\io\cucumber\gherkin-jvm-deps\1.0.4\gherkin-jvm-deps-1.0.4.jar;C:\QAteste\repository\org\projectlombok\lombok\1.16.10\lombok-1.16.10.jar;C:\QAteste\repository\org\testng\testng\6.13.1\testng-6.13.1.jar;C:\QAteste\repository\info\cukes\cucumber-testng\1.2.5\cucumber-testng-1.2.5.jar;C:\QAteste\repository\log4j\log4j\1.2.17\log4j-1.2.17.jar;C:\QAteste\repository\org\apache\maven\plugins\maven-surefire-plugin\2.19.1\maven-surefire-plugin-2.19.1.jar;C:\QAteste\repository\org\apache\maven\maven-plugin-api\2.2.1\maven-plugin-api-2.2.1.jar;C:\QAteste\repository\org\apache\maven\surefire\maven-surefire-common\2.19.1\maven-surefire-common-2.19.1.jar;C:\QAteste\repository\org\apache\maven\surefire\surefire-booter\2.19.1\surefire-booter-2.19.1.jar;C:\QAteste\repository\org\apache\maven\maven-artifact\2.2.1\maven-artifact-2.2.1.jar;C:\QAteste\repository\org\codehaus\plexus\plexus-utils\1.5.15\plexus-utils-1.5.15.jar;C:\QAteste\repository\org\apache\maven\maven-plugin-descriptor\2.2.1\maven-plugin-descriptor-2.2.1.jar;C:\QAteste\repository\org\codehaus\plexus\plexus-container-default\1.0-alpha-9-stable-1\plexus-container-default-1.0-alpha-9-stable-1.jar;C:\QAteste\repository\org\apache\maven\maven-project\2.2.1\maven-project-2.2.1.jar;C:\QAteste\repository\org\apache\maven\maven-settings\2.2.1\maven-settings-2.2.1.jar;C:\QAteste\repository\org\apache\maven\maven-profile\2.2.1\maven-profile-2.2.1.jar;C:\QAteste\repository\org\apache\maven\maven-artifact-manager\2.2.1\maven-artifact-manager-2.2.1.jar;C:\QAteste\repository\backport-util-concurrent\backport-util-concurrent\3.1\backport-util-concurrent-3.1.jar;C:\QAteste\repository\org\apache\maven\maven-plugin-registry\2.2.1\maven-plugin-registry-2.2.1.jar;C:\QAteste\repository\org\codehaus\plexus\plexus-interpolation\1.11\plexus-interpolation-1.11.jar;C:\QAteste\repository\org\apache\maven\maven-model\2.2.1\maven-model-2.2.1.jar;C:\QAteste\repository\org\apache\maven\maven-core\2.2.1\maven-core-2.2.1.jar;C:\QAteste\repository\org\apache\maven\maven-plugin-parameter-documenter\2.2.1\maven-plugin-parameter-documenter-2.2.1.jar;C:\QAteste\repository\org\apache\maven\wagon\wagon-http\1.0-beta-6\wagon-http-1.0-beta-6.jar;C:\QAteste\repository\org\apache\maven\wagon\wagon-http-shared\1.0-beta-6\wagon-http-shared-1.0-beta-6.jar;C:\QAteste\repository\nekohtml\xercesMinimal\1.9.6.2\xercesMinimal-1.9.6.2.jar;C:\QAteste\repository\nekohtml\nekohtml\1.9.6.2\nekohtml-1.9.6.2.jar;C:\QAteste\repository\commons-httpclient\commons-httpclient\3.1\commons-httpclient-3.1.jar;C:\QAteste\repository\org\apache\maven\wagon\wagon-webdav-jackrabbit\1.0-beta-6\wagon-webdav-jackrabbit-1.0-beta-6.jar;C:\QAteste\repository\org\apache\jackrabbit\jackrabbit-webdav\1.5.0\jackrabbit-webdav-1.5.0.jar;C:\QAteste\repository\org\apache\jackrabbit\jackrabbit-jcr-commons\1.5.0\jackrabbit-jcr-commons-1.5.0.jar;C:\QAteste\repository\org\slf4j\slf4j-nop\1.5.3\slf4j-nop-1.5.3.jar;C:\QAteste\repository\org\slf4j\slf4j-jdk14\1.5.6\slf4j-jdk14-1.5.6.jar;C:\QAteste\repository\org\slf4j\slf4j-api\1.5.6\slf4j-api-1.5.6.jar;C:\QAteste\repository\org\slf4j\jcl-over-slf4j\1.5.6\jcl-over-slf4j-1.5.6.jar;C:\QAteste\repository\org\apache\maven\reporting\maven-reporting-api\2.2.1\maven-reporting-api-2.2.1.jar;C:\QAteste\repository\org\apache\maven\doxia\doxia-logging-api\1.1\doxia-logging-api-1.1.jar;C:\QAteste\repository\org\apache\maven\wagon\wagon-provider-api\1.0-beta-6\wagon-provider-api-1.0-beta-6.jar;C:\QAteste\repository\org\apache\maven\maven-repository-metadata\2.2.1\maven-repository-metadata-2.2.1.jar;C:\QAteste\repository\org\apache\maven\maven-error-diagnostics\2.2.1\maven-error-diagnostics-2.2.1.jar;C:\QAteste\repository\org\apache\maven\maven-monitor\2.2.1\maven-monitor-2.2.1.jar;C:\QAteste\repository\classworlds\classworlds\1.1\classworlds-1.1.jar;C:\QAteste\repository\org\sonatype\plexus\plexus-sec-dispatcher\1.3\plexus-sec-dispatcher-1.3.jar;C:\QAteste\repository\org\sonatype\plexus\plexus-cipher\1.4\plexus-cipher-1.4.jar;C:\QAteste\repository\org\apache\maven\surefire\surefire-api\2.19.1\surefire-api-2.19.1.jar;C:\QAteste\repository\org\apache\maven\maven-toolchain\2.2.1\maven-toolchain-2.2.1.jar;C:\QAteste\repository\org\apache\maven\plugin-tools\maven-plugin-annotations\3.3\maven-plugin-annotations-3.3.jar;C:\QAteste\repository\br\eti\kinoshita\testlink-java-api\1.9.16-1\testlink-java-api-1.9.16-1.jar;C:\QAteste\repository\org\apache\commons\commons-configuration2\2.1.1\commons-configuration2-2.1.1.jar;C:\QAteste\repository\org\apache\xmlrpc\xmlrpc-common\3.1.3\xmlrpc-common-3.1.3.jar;C:\QAteste\repository\org\apache\ws\commons\util\ws-commons-util\1.0.2\ws-commons-util-1.0.2.jar;C:\QAteste\repository\org\apache\xmlrpc\xmlrpc-client\3.1.3\xmlrpc-client-3.1.3.jar;C:\QAteste\repository\org\apache\maven\surefire\surefire-testng-utils\2.22.0\surefire-testng-utils-2.22.0.jar;C:\QAteste\repository\org\apache\maven\surefire\surefire-grouper\2.22.0\surefire-grouper-2.22.0.jar;"/>
    <property name="java.vm.vendor" value="Oracle Corporation"/>
    <property name="sun.arch.data.model" value="64"/>
    <property name="user.variant" value=""/>
    <property name="java.vendor.url" value="http://java.oracle.com/"/>
    <property name="user.timezone" value="America/Sao_Paulo"/>
    <property name="java.vm.specification.version" value="1.8"/>
    <property name="os.name" value="Windows 10"/>
    <property name="user.country" value="BR"/>
    <property name="sun.java.launcher" value="SUN_STANDARD"/>
    <property name="sun.boot.library.path" value="C:\Program Files\Java\jre1.8.0_171\bin"/>
    <property name="sun.java.command" value="C:\Users\MATHEU~1.BAS\AppData\Local\Temp\surefire7744622396517239639\surefirebooter1168958190226398219.jar C:\Users\matheus.bassoli\AppData\Local\Temp\surefire7744622396517239639 2018-10-01T20-07-16_521-jvmRun1 surefire8265702883391141640tmp surefire_09085792658562400000tmp"/>
    <property name="surefire.test.class.path" value="C:\Users\matheus.bassoli\workspace\MatheusTesteQa\target\test-classes;C:\Users\matheus.bassoli\workspace\MatheusTesteQa\target\classes;C:\QAteste\repository\info\cukes\cucumber-java\1.2.5\cucumber-java-1.2.5.jar;C:\QAteste\repository\info\cukes\cucumber-core\1.2.5\cucumber-core-1.2.5.jar;C:\QAteste\repository\info\cukes\cucumber-html\0.2.3\cucumber-html-0.2.3.jar;C:\QAteste\repository\info\cukes\cucumber-jvm-deps\1.0.5\cucumber-jvm-deps-1.0.5.jar;C:\QAteste\repository\info\cukes\gherkin\2.12.2\gherkin-2.12.2.jar;C:\QAteste\repository\info\cukes\cucumber-junit\1.2.5\cucumber-junit-1.2.5.jar;C:\QAteste\repository\junit\junit\4.12\junit-4.12.jar;C:\QAteste\repository\org\hamcrest\hamcrest-core\1.3\hamcrest-core-1.3.jar;C:\QAteste\repository\org\seleniumhq\selenium\selenium-java\3.7.0\selenium-java-3.7.0.jar;C:\QAteste\repository\org\seleniumhq\selenium\selenium-api\3.7.0\selenium-api-3.7.0.jar;C:\QAteste\repository\org\seleniumhq\selenium\selenium-chrome-driver\3.7.0\selenium-chrome-driver-3.7.0.jar;C:\QAteste\repository\org\seleniumhq\selenium\selenium-edge-driver\3.7.0\selenium-edge-driver-3.7.0.jar;C:\QAteste\repository\org\seleniumhq\selenium\selenium-firefox-driver\3.7.0\selenium-firefox-driver-3.7.0.jar;C:\QAteste\repository\org\seleniumhq\selenium\selenium-ie-driver\3.7.0\selenium-ie-driver-3.7.0.jar;C:\QAteste\repository\org\seleniumhq\selenium\selenium-opera-driver\3.7.0\selenium-opera-driver-3.7.0.jar;C:\QAteste\repository\org\seleniumhq\selenium\selenium-remote-driver\3.7.0\selenium-remote-driver-3.7.0.jar;C:\QAteste\repository\org\seleniumhq\selenium\selenium-safari-driver\3.7.0\selenium-safari-driver-3.7.0.jar;C:\QAteste\repository\org\seleniumhq\selenium\selenium-support\3.7.0\selenium-support-3.7.0.jar;C:\QAteste\repository\net\bytebuddy\byte-buddy\1.7.5\byte-buddy-1.7.5.jar;C:\QAteste\repository\org\apache\commons\commons-exec\1.3\commons-exec-1.3.jar;C:\QAteste\repository\commons-codec\commons-codec\1.10\commons-codec-1.10.jar;C:\QAteste\repository\commons-logging\commons-logging\1.2\commons-logging-1.2.jar;C:\QAteste\repository\com\google\code\gson\gson\2.8.2\gson-2.8.2.jar;C:\QAteste\repository\com\google\guava\guava\23.0\guava-23.0.jar;C:\QAteste\repository\com\google\code\findbugs\jsr305\1.3.9\jsr305-1.3.9.jar;C:\QAteste\repository\com\google\errorprone\error_prone_annotations\2.0.18\error_prone_annotations-2.0.18.jar;C:\QAteste\repository\com\google\j2objc\j2objc-annotations\1.1\j2objc-annotations-1.1.jar;C:\QAteste\repository\org\codehaus\mojo\animal-sniffer-annotations\1.14\animal-sniffer-annotations-1.14.jar;C:\QAteste\repository\org\apache\httpcomponents\httpclient\4.5.3\httpclient-4.5.3.jar;C:\QAteste\repository\org\apache\httpcomponents\httpcore\4.4.6\httpcore-4.4.6.jar;C:\QAteste\repository\org\seleniumhq\selenium\selenium-server\3.7.0\selenium-server-3.7.0.jar;C:\QAteste\repository\com\beust\jcommander\1.48\jcommander-1.48.jar;C:\QAteste\repository\org\apache\commons\commons-lang3\3.5\commons-lang3-3.5.jar;C:\QAteste\repository\commons-io\commons-io\2.5\commons-io-2.5.jar;C:\QAteste\repository\org\w3c\css\sac\1.3\sac-1.3.jar;C:\QAteste\repository\net\sourceforge\cssparser\cssparser\0.9.23\cssparser-0.9.23.jar;C:\QAteste\repository\net\sourceforge\htmlunit\htmlunit\2.27\htmlunit-2.27.jar;C:\QAteste\repository\net\sourceforge\htmlunit\htmlunit-core-js\2.27\htmlunit-core-js-2.27.jar;C:\QAteste\repository\net\sourceforge\htmlunit\neko-htmlunit\2.27\neko-htmlunit-2.27.jar;C:\QAteste\repository\org\apache\httpcomponents\httpmime\4.5.3\httpmime-4.5.3.jar;C:\QAteste\repository\net\jcip\jcip-annotations\1.0\jcip-annotations-1.0.jar;C:\QAteste\repository\org\seleniumhq\selenium\jetty-repacked\9.4.5.v20170502\jetty-repacked-9.4.5.v20170502.jar;C:\QAteste\repository\org\eclipse\jetty\jetty-client\9.4.5.v20170502\jetty-client-9.4.5.v20170502.jar;C:\QAteste\repository\org\eclipse\jetty\jetty-http\9.4.5.v20170502\jetty-http-9.4.5.v20170502.jar;C:\QAteste\repository\org\eclipse\jetty\jetty-io\9.4.5.v20170502\jetty-io-9.4.5.v20170502.jar;C:\QAteste\repository\org\eclipse\jetty\jetty-util\9.4.5.v20170502\jetty-util-9.4.5.v20170502.jar;C:\QAteste\repository\com\codeborne\phantomjsdriver\1.4.0\phantomjsdriver-1.4.0.jar;C:\QAteste\repository\org\seleniumhq\selenium\htmlunit-driver\2.27\htmlunit-driver-2.27.jar;C:\QAteste\repository\javax\servlet\javax.servlet-api\3.1.0\javax.servlet-api-3.1.0.jar;C:\QAteste\repository\org\eclipse\jetty\websocket\websocket-api\9.4.5.v20170502\websocket-api-9.4.5.v20170502.jar;C:\QAteste\repository\org\eclipse\jetty\websocket\websocket-client\9.4.5.v20170502\websocket-client-9.4.5.v20170502.jar;C:\QAteste\repository\org\eclipse\jetty\websocket\websocket-common\9.4.5.v20170502\websocket-common-9.4.5.v20170502.jar;C:\QAteste\repository\xalan\serializer\2.7.2\serializer-2.7.2.jar;C:\QAteste\repository\xalan\xalan\2.7.2\xalan-2.7.2.jar;C:\QAteste\repository\xerces\xercesImpl\2.11.0\xercesImpl-2.11.0.jar;C:\QAteste\repository\xml-apis\xml-apis\1.4.01\xml-apis-1.4.01.jar;C:\QAteste\repository\org\yaml\snakeyaml\1.15\snakeyaml-1.15.jar;C:\QAteste\repository\com\github\temyers\cucumber-jvm-parallel-plugin\4.2.0\cucumber-jvm-parallel-plugin-4.2.0.jar;C:\QAteste\repository\org\apache\velocity\velocity\1.7\velocity-1.7.jar;C:\QAteste\repository\commons-collections\commons-collections\3.2.1\commons-collections-3.2.1.jar;C:\QAteste\repository\commons-lang\commons-lang\2.4\commons-lang-2.4.jar;C:\QAteste\repository\io\cucumber\gherkin\3.2.0\gherkin-3.2.0.jar;C:\QAteste\repository\io\cucumber\gherkin-jvm-deps\1.0.4\gherkin-jvm-deps-1.0.4.jar;C:\QAteste\repository\org\projectlombok\lombok\1.16.10\lombok-1.16.10.jar;C:\QAteste\repository\org\testng\testng\6.13.1\testng-6.13.1.jar;C:\QAteste\repository\info\cukes\cucumber-testng\1.2.5\cucumber-testng-1.2.5.jar;C:\QAteste\repository\log4j\log4j\1.2.17\log4j-1.2.17.jar;C:\QAteste\repository\org\apache\maven\plugins\maven-surefire-plugin\2.19.1\maven-surefire-plugin-2.19.1.jar;C:\QAteste\repository\org\apache\maven\maven-plugin-api\2.2.1\maven-plugin-api-2.2.1.jar;C:\QAteste\repository\org\apache\maven\surefire\maven-surefire-common\2.19.1\maven-surefire-common-2.19.1.jar;C:\QAteste\repository\org\apache\maven\surefire\surefire-booter\2.19.1\surefire-booter-2.19.1.jar;C:\QAteste\repository\org\apache\maven\maven-artifact\2.2.1\maven-artifact-2.2.1.jar;C:\QAteste\repository\org\codehaus\plexus\plexus-utils\1.5.15\plexus-utils-1.5.15.jar;C:\QAteste\repository\org\apache\maven\maven-plugin-descriptor\2.2.1\maven-plugin-descriptor-2.2.1.jar;C:\QAteste\repository\org\codehaus\plexus\plexus-container-default\1.0-alpha-9-stable-1\plexus-container-default-1.0-alpha-9-stable-1.jar;C:\QAteste\repository\org\apache\maven\maven-project\2.2.1\maven-project-2.2.1.jar;C:\QAteste\repository\org\apache\maven\maven-settings\2.2.1\maven-settings-2.2.1.jar;C:\QAteste\repository\org\apache\maven\maven-profile\2.2.1\maven-profile-2.2.1.jar;C:\QAteste\repository\org\apache\maven\maven-artifact-manager\2.2.1\maven-artifact-manager-2.2.1.jar;C:\QAteste\repository\backport-util-concurrent\backport-util-concurrent\3.1\backport-util-concurrent-3.1.jar;C:\QAteste\repository\org\apache\maven\maven-plugin-registry\2.2.1\maven-plugin-registry-2.2.1.jar;C:\QAteste\repository\org\codehaus\plexus\plexus-interpolation\1.11\plexus-interpolation-1.11.jar;C:\QAteste\repository\org\apache\maven\maven-model\2.2.1\maven-model-2.2.1.jar;C:\QAteste\repository\org\apache\maven\maven-core\2.2.1\maven-core-2.2.1.jar;C:\QAteste\repository\org\apache\maven\maven-plugin-parameter-documenter\2.2.1\maven-plugin-parameter-documenter-2.2.1.jar;C:\QAteste\repository\org\apache\maven\wagon\wagon-http\1.0-beta-6\wagon-http-1.0-beta-6.jar;C:\QAteste\repository\org\apache\maven\wagon\wagon-http-shared\1.0-beta-6\wagon-http-shared-1.0-beta-6.jar;C:\QAteste\repository\nekohtml\xercesMinimal\1.9.6.2\xercesMinimal-1.9.6.2.jar;C:\QAteste\repository\nekohtml\nekohtml\1.9.6.2\nekohtml-1.9.6.2.jar;C:\QAteste\repository\commons-httpclient\commons-httpclient\3.1\commons-httpclient-3.1.jar;C:\QAteste\repository\org\apache\maven\wagon\wagon-webdav-jackrabbit\1.0-beta-6\wagon-webdav-jackrabbit-1.0-beta-6.jar;C:\QAteste\repository\org\apache\jackrabbit\jackrabbit-webdav\1.5.0\jackrabbit-webdav-1.5.0.jar;C:\QAteste\repository\org\apache\jackrabbit\jackrabbit-jcr-commons\1.5.0\jackrabbit-jcr-commons-1.5.0.jar;C:\QAteste\repository\org\slf4j\slf4j-nop\1.5.3\slf4j-nop-1.5.3.jar;C:\QAteste\repository\org\slf4j\slf4j-jdk14\1.5.6\slf4j-jdk14-1.5.6.jar;C:\QAteste\repository\org\slf4j\slf4j-api\1.5.6\slf4j-api-1.5.6.jar;C:\QAteste\repository\org\slf4j\jcl-over-slf4j\1.5.6\jcl-over-slf4j-1.5.6.jar;C:\QAteste\repository\org\apache\maven\reporting\maven-reporting-api\2.2.1\maven-reporting-api-2.2.1.jar;C:\QAteste\repository\org\apache\maven\doxia\doxia-logging-api\1.1\doxia-logging-api-1.1.jar;C:\QAteste\repository\org\apache\maven\wagon\wagon-provider-api\1.0-beta-6\wagon-provider-api-1.0-beta-6.jar;C:\QAteste\repository\org\apache\maven\maven-repository-metadata\2.2.1\maven-repository-metadata-2.2.1.jar;C:\QAteste\repository\org\apache\maven\maven-error-diagnostics\2.2.1\maven-error-diagnostics-2.2.1.jar;C:\QAteste\repository\org\apache\maven\maven-monitor\2.2.1\maven-monitor-2.2.1.jar;C:\QAteste\repository\classworlds\classworlds\1.1\classworlds-1.1.jar;C:\QAteste\repository\org\sonatype\plexus\plexus-sec-dispatcher\1.3\plexus-sec-dispatcher-1.3.jar;C:\QAteste\repository\org\sonatype\plexus\plexus-cipher\1.4\plexus-cipher-1.4.jar;C:\QAteste\repository\org\apache\maven\surefire\surefire-api\2.19.1\surefire-api-2.19.1.jar;C:\QAteste\repository\org\apache\maven\maven-toolchain\2.2.1\maven-toolchain-2.2.1.jar;C:\QAteste\repository\org\apache\maven\plugin-tools\maven-plugin-annotations\3.3\maven-plugin-annotations-3.3.jar;C:\QAteste\repository\br\eti\kinoshita\testlink-java-api\1.9.16-1\testlink-java-api-1.9.16-1.jar;C:\QAteste\repository\org\apache\commons\commons-configuration2\2.1.1\commons-configuration2-2.1.1.jar;C:\QAteste\repository\org\apache\xmlrpc\xmlrpc-common\3.1.3\xmlrpc-common-3.1.3.jar;C:\QAteste\repository\org\apache\ws\commons\util\ws-commons-util\1.0.2\ws-commons-util-1.0.2.jar;C:\QAteste\repository\org\apache\xmlrpc\xmlrpc-client\3.1.3\xmlrpc-client-3.1.3.jar;C:\QAteste\repository\org\apache\maven\surefire\surefire-testng-utils\2.22.0\surefire-testng-utils-2.22.0.jar;C:\QAteste\repository\org\apache\maven\surefire\surefire-grouper\2.22.0\surefire-grouper-2.22.0.jar;"/>
    <property name="sun.cpu.endian" value="little"/>
    <property name="user.home" value="C:\Users\matheus.bassoli"/>
    <property name="user.language" value="pt"/>
    <property name="java.specification.vendor" value="Oracle Corporation"/>
    <property name="java.home" value="C:\Program Files\Java\jre1.8.0_171"/>
    <property name="basedir" value="C:\Users\matheus.bassoli\workspace\MatheusTesteQa"/>
    <property name="file.separator" value="\"/>
    <property name="line.separator" value="&#10;"/>
    <property name="java.vm.specification.vendor" value="Oracle Corporation"/>
    <property name="java.specification.name" value="Java Platform API Specification"/>
    <property name="java.awt.graphicsenv" value="sun.awt.Win32GraphicsEnvironment"/>
    <property name="surefire.real.class.path" value="C:\Users\MATHEU~1.BAS\AppData\Local\Temp\surefire7744622396517239639\surefirebooter1168958190226398219.jar"/>
    <property name="sun.boot.class.path" value="C:\Program Files\Java\jre1.8.0_171\lib\resources.jar;C:\Program Files\Java\jre1.8.0_171\lib\rt.jar;C:\Program Files\Java\jre1.8.0_171\lib\sunrsasign.jar;C:\Program Files\Java\jre1.8.0_171\lib\jsse.jar;C:\Program Files\Java\jre1.8.0_171\lib\jce.jar;C:\Program Files\Java\jre1.8.0_171\lib\charsets.jar;C:\Program Files\Java\jre1.8.0_171\lib\jfr.jar;C:\Program Files\Java\jre1.8.0_171\classes"/>
    <property name="user.script" value=""/>
    <property name="sun.management.compiler" value="HotSpot 64-Bit Tiered Compilers"/>
    <property name="java.runtime.version" value="1.8.0_171-b11"/>
    <property name="user.name" value="matheus.bassoli"/>
    <property name="path.separator" value=";"/>
    <property name="os.version" value="10.0"/>
    <property name="java.endorsed.dirs" value="C:\Program Files\Java\jre1.8.0_171\lib\endorsed"/>
    <property name="java.runtime.name" value="Java(TM) SE Runtime Environment"/>
    <property name="file.encoding" value="Cp1252"/>
    <property name="java.vm.name" value="Java HotSpot(TM) 64-Bit Server VM"/>
    <property name="localRepository" value="C:\QAteste\repository"/>
    <property name="java.vendor.url.bug" value="http://bugreport.sun.com/bugreport/"/>
    <property name="java.io.tmpdir" value="C:\Users\MATHEU~1.BAS\AppData\Local\Temp\"/>
    <property name="java.version" value="1.8.0_171"/>
    <property name="user.dir" value="C:\Users\matheus.bassoli\workspace\MatheusTesteQa"/>
    <property name="os.arch" value="amd64"/>
    <property name="java.vm.specification.name" value="Java Virtual Machine Specification"/>
    <property name="java.awt.printerjob" value="sun.awt.windows.WPrinterJob"/>
    <property name="sun.os.patch.level" value=""/>
    <property name="java.library.path" value="C:\Program Files\Java\jre1.8.0_171\bin;C:\WINDOWS\Sun\Java\bin;C:\WINDOWS\system32;C:\WINDOWS;C:/Program Files/Java/jre1.8.0_171/bin/server;C:/Program Files/Java/jre1.8.0_171/bin;C:/Program Files/Java/jre1.8.0_171/lib/amd64;C:\Program Files (x86)\Common Files\Oracle\Java\javapath;C:\Program Files (x86)\Intel\Intel(R) Management Engine Components\iCLS\;C:\Program Files\Intel\Intel(R) Management Engine Components\iCLS\;C:\WINDOWS\system32;C:\WINDOWS;C:\WINDOWS\System32\Wbem;C:\WINDOWS\System32\WindowsPowerShell\v1.0\;C:\WINDOWS\System32\OpenSSH\;C:\Program Files (x86)\Intel\Intel(R) Management Engine Components\DAL;C:\Program Files\Intel\Intel(R) Management Engine Components\DAL;C:\Program Files (x86)\Intel\Intel(R) Management Engine Components\IPT;C:\Program Files\Intel\Intel(R) Management Engine Components\IPT;C:\Program Files\Java\jdk1.8.0_171\bin;C:\Program Files\Java\jre1.8.0_171\bin;C:\apache-maven-3.5.3\bin;C:\Program Files\Git\cmd;C:\Users\matheus.bassoli\AppData\Local\Android\Sdk\platform-tools;C:\Users\matheus.bassoli\AppData\Local\Android\Sdk\emulator;C:\Users\matheus.bassoli\AppData\Local\Microsoft\WindowsApps;;C:\Users\matheus.bassoli\eclipse\jee-mars\eclipse;;."/>
    <property name="java.vm.info" value="mixed mode"/>
    <property name="java.vendor" value="Oracle Corporation"/>
    <property name="java.vm.version" value="25.171-b11"/>
    <property name="java.ext.dirs" value="C:\Program Files\Java\jre1.8.0_171\lib\ext;C:\WINDOWS\Sun\Java\lib\ext"/>
    <property name="sun.io.unicode.encoding" value="UnicodeLittle"/>
    <property name="java.class.version" value="52.0"/>
  </properties>
</testsuite>